Determining if the pthread_create exist failed with the following output:
Change Dir: /home/larry/programs/c++/thread/readbluepthreads/build/CMakeFiles/CMakeTmp

Run Build Command:"/usr/bin/make" "cmTC_dd6a3/fast"
/usr/bin/make -f CMakeFiles/cmTC_dd6a3.dir/build.make CMakeFiles/cmTC_dd6a3.dir/build
make[1]: Entering directory '/home/larry/programs/c++/thread/readbluepthreads/build/CMakeFiles/CMakeTmp'
Building C object CMakeFiles/cmTC_dd6a3.dir/CheckSymbolExists.c.o
/usr/bin/cc    -o CMakeFiles/cmTC_dd6a3.dir/CheckSymbolExists.c.o   -c /home/larry/programs/c++/thread/readbluepthreads/build/CMakeFiles/CMakeTmp/CheckSymbolExists.c
Linking C executable cmTC_dd6a3
/usr/bin/cmake -E cmake_link_script CMakeFiles/cmTC_dd6a3.dir/link.txt --verbose=1
/usr/bin/cc      CMakeFiles/cmTC_dd6a3.dir/CheckSymbolExists.c.o  -o cmTC_dd6a3 
CMakeFiles/cmTC_dd6a3.dir/CheckSymbolExists.c.o: In function `main':
CheckSymbolExists.c:(.text+0x1b): undefined reference to `pthread_create'
collect2: error: ld returned 1 exit status
CMakeFiles/cmTC_dd6a3.dir/build.make:97: recipe for target 'cmTC_dd6a3' failed
make[1]: *** [cmTC_dd6a3] Error 1
make[1]: Leaving directory '/home/larry/programs/c++/thread/readbluepthreads/build/CMakeFiles/CMakeTmp'
Makefile:126: recipe for target 'cmTC_dd6a3/fast' failed
make: *** [cmTC_dd6a3/fast] Error 2

File /home/larry/programs/c++/thread/readbluepthreads/build/CMakeFiles/CMakeTmp/CheckSymbolExists.c:
/* */
#include <pthread.h>

int main(int argc, char** argv)
{
  (void)argv;
#ifndef pthread_create
  return ((int*)(&pthread_create))[argc];
#else
  (void)argc;
  return 0;
#endif
}

Determining if the function pthread_create exists in the pthreads failed with the following output:
Change Dir: /home/larry/programs/c++/thread/readbluepthreads/build/CMakeFiles/CMakeTmp

Run Build Command:"/usr/bin/make" "cmTC_a5d83/fast"
/usr/bin/make -f CMakeFiles/cmTC_a5d83.dir/build.make CMakeFiles/cmTC_a5d83.dir/build
make[1]: Entering directory '/home/larry/programs/c++/thread/readbluepthreads/build/CMakeFiles/CMakeTmp'
Building C object CMakeFiles/cmTC_a5d83.dir/CheckFunctionExists.c.o
/usr/bin/cc   -DCHECK_FUNCTION_EXISTS=pthread_create   -o CMakeFiles/cmTC_a5d83.dir/CheckFunctionExists.c.o   -c /usr/share/cmake-3.10/Modules/CheckFunctionExists.c
Linking C executable cmTC_a5d83
/usr/bin/cmake -E cmake_link_script CMakeFiles/cmTC_a5d83.dir/link.txt --verbose=1
/usr/bin/cc  -DCHECK_FUNCTION_EXISTS=pthread_create    CMakeFiles/cmTC_a5d83.dir/CheckFunctionExists.c.o  -o cmTC_a5d83 -lpthreads 
/usr/bin/ld: cannot find -lpthreads
collect2: error: ld returned 1 exit status
CMakeFiles/cmTC_a5d83.dir/build.make:97: recipe for target 'cmTC_a5d83' failed
make[1]: *** [cmTC_a5d83] Error 1
make[1]: Leaving directory '/home/larry/programs/c++/thread/readbluepthreads/build/CMakeFiles/CMakeTmp'
Makefile:126: recipe for target 'cmTC_a5d83/fast' failed
make: *** [cmTC_a5d83/fast] Error 2


